<?xml version="1.0" encoding="UTF-8"?>
<!-- Generated by org.testng.reporters.JUnitReportReporter -->
<testsuite hostname="LTIN487222" failures="0" tests="2" name="testCases.TC_002_OneCognizantPage" time="0.495" errors="0" timestamp="2024-03-31T17:23:54 IST" skipped="0">
  <testcase classname="testCases.TC_002_OneCognizantPage" name="navigateToOneC" time="0.233"/>
  <testcase classname="testCases.TC_002_OneCognizantPage" name="navigateToOneC" time="0.262"/>
</testsuite> <!-- testCases.TC_002_OneCognizantPage -->
