<?xml version="1.0" encoding="UTF-8"?>
<!-- Generated by org.testng.reporters.JUnitReportReporter -->
<testsuite hostname="LTIN487222" failures="0" tests="2" name="testCases.TC_005_VerifyWeekDetails" time="6.555" errors="0" timestamp="2024-03-31T17:23:54 IST" skipped="0">
  <testcase classname="testCases.TC_005_VerifyWeekDetails" name="comparingWeek" time="4.158"/>
  <testcase classname="testCases.TC_005_VerifyWeekDetails" name="comparingWeek" time="2.397"/>
</testsuite> <!-- testCases.TC_005_VerifyWeekDetails -->
