<?xml version="1.0" encoding="UTF-8"?>
<!-- Generated by org.testng.reporters.JUnitReportReporter -->
<testsuite hostname="LTIN487222" failures="0" tests="2" name="testCases.TC_003_InputBox" time="6.214" errors="0" timestamp="2024-03-31T17:23:54 IST" skipped="0">
  <testcase classname="testCases.TC_003_InputBox" name="enterInput" time="3.292"/>
  <testcase classname="testCases.TC_003_InputBox" name="enterInput" time="2.922"/>
</testsuite> <!-- testCases.TC_003_InputBox -->
