<?xml version="1.0" encoding="UTF-8"?>
<!-- Generated by org.testng.reporters.JUnitReportReporter -->
<testsuite hostname="LTIN487222" failures="0" tests="2" name="testCases.TC_004_ClickOnTruTime" time="1.506" errors="0" timestamp="2024-03-31T17:23:54 IST" skipped="0">
  <testcase classname="testCases.TC_004_ClickOnTruTime" name="verifyTruTime" time="0.828"/>
  <testcase classname="testCases.TC_004_ClickOnTruTime" name="verifyTruTime" time="0.678"/>
</testsuite> <!-- testCases.TC_004_ClickOnTruTime -->
